[2014-05-15 10:47:29][Info][UpdateAlertStt][ProcessCSUpdate_Call_API][52b90a4320bab913548b4568:  -> rejected]
[2014-05-15 10:50:39][Info][UpdateAlertStt][CSAlertController][UpdateCSStatusINC:]
[2014-05-15 10:50:39][Info][UpdateAlertStt][ProcessCSUpdate_Call_API][52b90a4320bab913548b4568:  -> rejected]
[2014-05-15 11:04:34][Info][UpdateAlertStt][CSAlertController][UpdateCSStatusINC:]
[2014-05-15 11:04:34][Info][UpdateAlertStt][ProcessCSUpdate_Call_API][52b90a4320bab913548b4568:  -> rejected]
[2014-05-15 11:37:40][Info][UpdateAlertStt][CSAlertController][UpdateCSStatusINC:Cannot call update status inc to CS]
[2014-05-15 11:37:40][Info][UpdateAlertStt][ProcessCSUpdate_Call_API][52b90a4320bab913548b4568:  -> rejected]
[2014-05-15 15:13:11][Info][UpdateAlertStt][ProcessCSUpdate_Call_API][FAIL:52b90a4320bab913548b4568:  -> rejected]
[2014-05-15 15:14:11][Info][UpdateAlertStt][ProcessCSUpdate_Call_API][FAIL:52b90a4320bab913548b4568:  -> rejected]
[2014-05-15 15:18:14][Info][UpdateAlertStt][CSAlertController][UpdateCSStatusINC:Cannot call update status inc to CS]
[2014-05-15 15:18:14][Info][UpdateAlertStt][ProcessCSUpdate_Call_API][53746b7dab5dcd17a0ab5889:  -> rejected]
[2014-05-15 15:23:35][Info][UpdateAlertStt][CSAlertController][UpdateCSStatusINC:Cannot call update status inc to CS]
[2014-05-15 15:23:35][Info][UpdateAlertStt][ProcessCSUpdate_Call_API][53746b7dab5dcd17a0ab5889:  -> rejected]
[2014-05-15 15:25:14][Info][UpdateAlertStt][CSAlertController][UpdateCSStatusINC:Cannot call update status inc to CS]
[2014-05-15 15:25:14][Info][UpdateAlertStt][ProcessCSUpdate_Call_API][53746b7dab5dcd17a0ab5889:  -> rejected]
[2014-05-15 15:26:48][Info][UpdateAlertStt][CSAlertController][UpdateCSStatusINC:Cannot call update status inc to CS]
[2014-05-15 15:26:48][Info][UpdateAlertStt][ProcessCSUpdate_Call_API][53746b7dab5dcd17a0ab5889:  -> rejected]
[2014-05-15 15:28:13][Info][UpdateAlertStt][CSAlertController][UpdateCSStatusINC:Cannot call update status inc to CS]
[2014-05-15 15:28:13][Info][UpdateAlertStt][ProcessCSUpdate_Call_API][53746b7dab5dcd17a0ab5889:  -> rejected]
[2014-05-15 15:31:45][Info][UpdateAlertStt][CSAlertController][UpdateCSStatusINC:Cannot call update status inc to CS]
[2014-05-15 15:31:45][Info][UpdateAlertStt][ProcessCSUpdate_Call_API][53746b7dab5dcd17a0ab5889:  -> rejected]
[2014-05-15 15:37:12][Info][UpdateAlertStt][CSAlertController][UpdateCSStatusINC:Cannot call update status inc to CS]
[2014-05-15 15:37:12][Info][UpdateAlertStt][ProcessCSUpdate_Call_API][53746b7dab5dcd17a0ab5889:  -> rejected]
[2014-05-15 15:43:18][Info][UpdateAlertStt][CSAlertController][UpdateCSStatusINC:Cannot call update status inc to CS]
[2014-05-15 15:43:18][Info][UpdateAlertStt][ProcessCSUpdate_Call_API][53746b7dab5dcd17a0ab5889:  -> rejected]
[2014-05-15 15:45:44][Info][UpdateAlertStt][CSAlertController][UpdateCSStatusINC:Cannot call update status inc to CS]
[2014-05-15 15:45:44][Info][UpdateAlertStt][ProcessCSUpdate_Call_API][53746b7dab5dcd17a0ab5889:  -> rejected]
[2014-05-15 16:12:07][Info][UpdateAlertStt][CSAlertController][UpdateCSStatusINC:Cannot call update status inc to CS]
[2014-05-15 16:12:07][Info][UpdateAlertStt][ProcessCSUpdate_Call_API][53746b7dab5dcd17a0ab5889:  -> rejected]
[2014-05-15 16:14:45][Info][UpdateAlertStt][CSAlertController][UpdateCSStatusINC:Cannot call update status inc to CS]
[2014-05-15 16:14:45][Info][UpdateAlertStt][ProcessCSUpdate_Call_API][53746b7dab5dcd17a0ab5889:  -> rejected]
[2014-05-15 16:17:32][Info][UpdateAlertStt][CSAlertController][UpdateCSStatusINC:Cannot call update status inc to CS]
[2014-05-15 16:17:32][Info][UpdateAlertStt][ProcessCSUpdate_Call_API][53746b7dab5dcd17a0ab5889:  -> rejected]
[2014-05-15 16:29:41][Info][UpdateAlertStt][CSAlertController][UpdateCSStatusINC:]
[2014-05-15 16:29:41][Info][UpdateAlertStt][ProcessCSUpdate_Call_API][FAIL:53746b7dab5dcd17a0ab5889:  -> rejected]
[2014-05-15 16:32:55][Info][UpdateAlertStt][CSAlertController][UpdateCSStatusINC:Cannot call update status inc to CS]
[2014-05-15 16:32:55][Info][UpdateAlertStt][ProcessCSUpdate_Call_API][53746b7dab5dcd17a0ab5889:  -> rejected]
[2014-05-15 16:40:04][Info][UpdateAlertStt][CSAlertController][UpdateCSStatusINC:Cannot call update status inc to CS]
[2014-05-15 16:40:04][Info][UpdateAlertStt][ProcessCSUpdate_Call_API][53746b7dab5dcd17a0ab5889:  -> rejected]
[2014-05-15 16:41:05][Info][UpdateAlertStt][CSAlertController][UpdateCSStatusINC:Cannot call update status inc to CS]
[2014-05-15 16:41:05][Info][UpdateAlertStt][ProcessCSUpdate_Call_API][53746b7dab5dcd17a0ab5889:  -> rejected]
[2014-05-15 16:41:30][Info][UpdateAlertStt][CSAlertController][UpdateCSStatusINC:Cannot call update status inc to CS]
[2014-05-15 16:41:30][Info][UpdateAlertStt][ProcessCSUpdate_Call_API][53746b7dab5dcd17a0ab5889:  -> rejected]
[2014-05-15 17:02:30][Info][UpdateAlertStt][CSAlertController][UpdateCSStatusINC:{ "ResponseData":{ " ResponseCode" : "1","Description" : "Sucessfull" } }]
[2014-05-15 17:02:30][Info][UpdateAlertStt][ProcessCSUpdate_Call_API][53746b7dab5dcd17a0ab5889:  -> rejected]
[2014-05-15 17:03:30][Info][UpdateAlertStt][CSAlertController][UpdateCSStatusINC:{ "ResponseData":{ " ResponseCode" : "1","Description" : "Sucessfull" } }]
[2014-05-15 17:03:30][Info][UpdateAlertStt][ProcessCSUpdate_Call_API][53746b7dab5dcd17a0ab5889:  -> rejected]
[2014-05-16 14:11:28][Info][UpdateAlertStt][CSAlertController][UpdateCSStatusINC:]
[2014-05-16 14:11:28][Info][UpdateAlertStt][ProcessCSUpdate_Call_API][FAIL:5375b5e01e0d65cba7fff7f6:  -> rejected]
[2014-05-16 14:12:52][Info][UpdateAlertStt][CSAlertController][UpdateCSStatusINC:{ "ResponseData":{ " ResponseCode" : "1","Description" : "Sucessfull" } }]
[2014-05-16 14:12:52][Info][UpdateAlertStt][ProcessCSUpdate_Call_API][5375b5e01e0d65cba7fff7f6:  -> rejected]
[2014-05-16 14:22:18][Info][UpdateAlertStt][CSAlertController][UpdateCSStatusINC:5]
[2014-05-16 14:22:18][Info][UpdateAlertStt][ProcessCSUpdate_Call_API][FAIL:5375b5e01e0d65cba7fff7f6:  -> rejected]
[2014-05-16 14:24:15][Info][UpdateAlertStt][CSAlertController][UpdateCSStatusINC:{ "ResponseData":{ " ResponseCode" : "1","Description" : "Sucessfull" } }]
[2014-05-16 14:24:15][Info][UpdateAlertStt][ProcessCSUpdate_Call_API][5375b5e01e0d65cba7fff7f6:  -> rejected]
[2014-05-16 14:25:55][Info][UpdateAlertStt][CSAlertController][UpdateCSStatusINC:5]
[2014-05-16 14:25:55][Info][UpdateAlertStt][ProcessCSUpdate_Call_API][FAIL:5375b5e01e0d65cba7fff7f6:  -> rejected]
[2014-05-16 14:37:24][Info][UpdateAlertStt][CSAlertController][UpdateCSStatusINC:5]
[2014-05-16 14:37:24][Info][UpdateAlertStt][ProcessCSUpdate_Call_API][FAIL:5375b5e01e0d65cba7fff7f6:  -> rejected]
[2014-05-16 14:38:24][Info][UpdateAlertStt][CSAlertController][UpdateCSStatusINC:5]
[2014-05-16 14:38:24][Info][UpdateAlertStt][ProcessCSUpdate_Call_API][FAIL:5375b5e01e0d65cba7fff7f6:  -> rejected]
[2014-05-16 14:39:24][Info][UpdateAlertStt][CSAlertController][UpdateCSStatusINC:5]
[2014-05-16 14:39:24][Info][UpdateAlertStt][ProcessCSUpdate_Call_API][FAIL:5375b5e01e0d65cba7fff7f6:  -> rejected]
[2014-05-16 14:40:28][Info][UpdateAlertStt][CSAlertController][UpdateCSStatusINC:5]
[2014-05-16 14:40:28][Info][UpdateAlertStt][ProcessCSUpdate_Call_API][FAIL:5375b5e01e0d65cba7fff7f6:  -> rejected]
[2014-05-16 14:44:04][Info][UpdateAlertStt][CSAlertController][UpdateCSStatusINC:5]
[2014-05-16 14:44:04][Info][UpdateAlertStt][ProcessCSUpdate_Call_API][FAIL:5375b5e01e0d65cba7fff7f6:  -> rejected]
[2014-05-16 14:45:41][Info][UpdateAlertStt][CSAlertController][UpdateCSStatusINC:{ "ResponseData":{ " ResponseCode" : "1","Description" : "Sucessfull" } }]
[2014-05-16 14:45:41][Info][UpdateAlertStt][ProcessCSUpdate_Call_API][5375b5e01e0d65cba7fff7f6:  -> rejected]
[2014-05-16 14:50:08][Info][UpdateAlertStt][CSAlertController][UpdateCSStatusINC:5]
[2014-05-16 14:50:08][Info][UpdateAlertStt][ProcessCSUpdate_Call_API][FAIL:5375b5e01e0d65cba7fff7f6:  -> rejected]
[2014-05-16 15:31:22][Info][UpdateAlertStt][CSAlertController][UpdateCSStatusINC:5]
[2014-05-16 15:31:22][Info][UpdateAlertStt][ProcessCSUpdate_Call_API][FAIL:5375b5e01e0d65cba7fff7f6:  -> rejected]
[2014-05-16 15:34:53][Info][UpdateAlertStt][CSAlertController][UpdateCSStatusINC:5]
[2014-05-16 15:34:53][Info][UpdateAlertStt][ProcessCSUpdate_Call_API][FAIL:5375b5e01e0d65cba7fff7f6:  -> rejected]
[2014-05-16 15:35:38][Info][UpdateAlertStt][CSAlertController][UpdateCSStatusINC:5]
[2014-05-16 15:35:38][Info][UpdateAlertStt][ProcessCSUpdate_Call_API][FAIL:5375b5e01e0d65cba7fff7f6:  -> rejected]
[2014-05-16 15:37:53][Info][UpdateAlertStt][CSAlertController][UpdateCSStatusINC:{ "ResponseData":{ " ResponseCode" : "1","Description" : "Sucessfull" } }]
[2014-05-16 15:37:53][Info][UpdateAlertStt][ProcessCSUpdate_Call_API][5375b5e01e0d65cba7fff7f6:  -> rejected]
[2014-05-16 15:39:08][Info][UpdateAlertStt][CSAlertController][UpdateCSStatusINC:5]
[2014-05-16 15:39:08][Info][UpdateAlertStt][ProcessCSUpdate_Call_API][FAIL:5375b5e01e0d65cba7fff7f6:  -> rejected]
[2014-05-16 15:45:17][Info][UpdateAlertStt][CSAlertController][UpdateCSStatusINC:5]
[2014-05-16 15:45:17][Info][UpdateAlertStt][ProcessCSUpdate_Call_API][FAIL:5375b5e01e0d65cba7fff7f6:  -> rejected]
[2014-05-16 15:46:43][Info][UpdateAlertStt][CSAlertController][UpdateCSStatusINC:{ "ResponseData":{ " ResponseCode" : "1","Description" : "Sucessfull" } }]
[2014-05-16 15:46:43][Info][UpdateAlertStt][ProcessCSUpdate_Call_API][5375b5e01e0d65cba7fff7f6:  -> rejected]
[2014-05-16 15:54:33][Info][UpdateAlertStt][CSAlertController][UpdateCSStatusINC:{ "ResponseData":{ " ResponseCode" : "1","Description" : "Sucessfull" } }]
[2014-05-16 15:54:33][Info][UpdateAlertStt][ProcessCSUpdate_Call_API][5375b5e01e0d65cba7fff7f6:  -> rejected]
[2014-05-19 09:08:15][Info][UpdateAlertStt][CSAlertController][UpdateCSStatusINC:{ "ResponseData":{ " ResponseCode" : "1","Description" : "Sucessfull" } }]
[2014-05-19 09:08:15][Info][UpdateAlertStt][ProcessCSUpdate_Call_API][5375b5e01e0d65cba7fff7f6:  -> rejected]
[2014-05-19 09:10:30][Info][UpdateAlertStt][CSAlertController][UpdateCSStatusINC:5]
[2014-05-19 09:10:30][Info][UpdateAlertStt][ProcessCSUpdate_Call_API][FAIL:5375b5e01e0d65cba7fff7f6:  -> rejected]
[2014-05-19 09:12:29][Info][UpdateAlertStt][CSAlertController][UpdateCSStatusINC:{ "ResponseData":{ " ResponseCode" : "1","Description" : "Sucessfull" } }]
[2014-05-19 09:12:29][Info][UpdateAlertStt][ProcessCSUpdate_Call_API][5375b5e01e0d65cba7fff7f6:  -> rejected]
[2014-05-19 09:13:01][Info][UpdateAlertStt][CSAlertController][UpdateCSStatusINC:5]
[2014-05-19 09:13:01][Info][UpdateAlertStt][ProcessCSUpdate_Call_API][FAIL:5375b5e01e0d65cba7fff7f6:  -> rejected]
[2014-05-19 09:14:13][Info][UpdateAlertStt][CSAlertController][UpdateCSStatusINC:5]
[2014-05-19 09:14:13][Info][UpdateAlertStt][ProcessCSUpdate_Call_API][FAIL:5375b5e01e0d65cba7fff7f6:  -> rejected]
[2014-05-19 09:21:48][Info][UpdateAlertStt][CSAlertController][UpdateCSStatusINC:5]
[2014-05-19 09:21:48][Info][UpdateAlertStt][ProcessCSUpdate_Call_API][FAIL:5375b5e01e0d65cba7fff7f6:  -> rejected]
[2014-05-19 09:34:44][Info][UpdateAlertStt][CSAlertController][UpdateCSStatusINC:{ "ResponseData":{ " ResponseCode" : "1","Description" : "Sucessfull" } }]
[2014-05-19 09:34:44][Info][UpdateAlertStt][ProcessCSUpdate_Call_API][5375b5e01e0d65cba7fff7f6:  -> rejected]
[2014-05-19 09:37:08][Info][UpdateAlertStt][CSAlertController][UpdateCSStatusINC:{ "ResponseData":{ " ResponseCode" : "1","Description" : "Sucessfull" } }]
[2014-05-19 09:37:08][Info][UpdateAlertStt][ProcessCSUpdate_Call_API][5375b5e01e0d65cba7fff7f6:  -> rejected]
[2014-05-19 09:44:17][Info][UpdateAlertStt][CSAlertController][UpdateCSStatusINC:{ "ResponseData":{ " ResponseCode" : "3","Description" : "Rejected" } }]
[2014-05-19 09:44:17][Info][UpdateAlertStt][ProcessCSUpdate_Call_API][5375b5e01e0d65cba7fff7f6:  -> rejected]
[2014-05-19 09:45:17][Info][UpdateAlertStt][CSAlertController][UpdateCSStatusINC:{ "ResponseData":{ " ResponseCode" : "1","Description" : "Sucessfull" } }]
[2014-05-19 09:45:17][Info][UpdateAlertStt][ProcessCSUpdate_Call_API][5375b5e01e0d65cba7fff7f6:  -> rejected]
[2014-05-19 09:46:17][Info][UpdateAlertStt][CSAlertController][UpdateCSStatusINC:{ "ResponseData":{ " ResponseCode" : "3","Description" : "Rejected" } }]
[2014-05-19 09:46:18][Info][UpdateAlertStt][ProcessCSUpdate_Call_API][5375b5e01e0d65cba7fff7f6:  -> rejected]
[2014-05-19 09:52:42][Info][UpdateAlertStt][CSAlertController][UpdateCSStatusINC:{ "ResponseData":{ " ResponseCode" : "1","Description" : "Sucessfull" } }]
[2014-05-19 09:52:42][Info][UpdateAlertStt][ProcessCSUpdate_Call_API][5375b5e01e0d65cba7fff7f6:  -> rejected]
[2014-05-19 09:59:09][Info][UpdateAlertStt][ProcessCSUpdate_Call_API][FAIL:5375b5e01e0d65cba7fff7f6:  -> rejected]
[2014-05-19 10:00:09][Info][UpdateAlertStt][ProcessCSUpdate_Call_API][FAIL:5375b5e01e0d65cba7fff7f6:  -> rejected]
[2014-05-19 10:01:09][Info][UpdateAlertStt][ProcessCSUpdate_Call_API][FAIL:5375b5e01e0d65cba7fff7f6:  -> rejected]
[2014-05-19 10:02:10][Info][UpdateAlertStt][ProcessCSUpdate_Call_API][FAIL:5375b5e01e0d65cba7fff7f6:  -> rejected]
[2014-05-19 10:03:10][Info][UpdateAlertStt][ProcessCSUpdate_Call_API][FAIL:5375b5e01e0d65cba7fff7f6:  -> rejected]
[2014-05-19 10:04:10][Info][UpdateAlertStt][ProcessCSUpdate_Call_API][FAIL:5375b5e01e0d65cba7fff7f6:  -> rejected]
[2014-05-19 10:05:10][Info][UpdateAlertStt][ProcessCSUpdate_Call_API][FAIL:5375b5e01e0d65cba7fff7f6:  -> rejected]
[2014-05-19 10:06:10][Info][UpdateAlertStt][ProcessCSUpdate_Call_API][FAIL:5375b5e01e0d65cba7fff7f6:  -> rejected]
[2014-05-19 10:07:11][Info][UpdateAlertStt][ProcessCSUpdate_Call_API][FAIL:5375b5e01e0d65cba7fff7f6:  -> rejected]
[2014-05-19 10:08:11][Info][UpdateAlertStt][ProcessCSUpdate_Call_API][FAIL:5375b5e01e0d65cba7fff7f6:  -> rejected]
[2014-05-19 10:09:11][Info][UpdateAlertStt][ProcessCSUpdate_Call_API][FAIL:5375b5e01e0d65cba7fff7f6:  -> rejected]
[2014-05-19 10:10:11][Info][UpdateAlertStt][ProcessCSUpdate_Call_API][FAIL:5375b5e01e0d65cba7fff7f6:  -> rejected]
[2014-05-19 10:11:11][Info][UpdateAlertStt][ProcessCSUpdate_Call_API][FAIL:5375b5e01e0d65cba7fff7f6:  -> rejected]
[2014-05-19 10:12:11][Info][UpdateAlertStt][ProcessCSUpdate_Call_API][FAIL:5375b5e01e0d65cba7fff7f6:  -> rejected]
[2014-05-19 10:13:12][Info][UpdateAlertStt][ProcessCSUpdate_Call_API][FAIL:5375b5e01e0d65cba7fff7f6:  -> rejected]
[2014-05-19 10:14:12][Info][UpdateAlertStt][ProcessCSUpdate_Call_API][FAIL:5375b5e01e0d65cba7fff7f6:  -> rejected]
[2014-05-19 10:15:12][Info][UpdateAlertStt][ProcessCSUpdate_Call_API][FAIL:5375b5e01e0d65cba7fff7f6:  -> rejected]
[2014-05-19 10:16:12][Info][UpdateAlertStt][ProcessCSUpdate_Call_API][FAIL:5375b5e01e0d65cba7fff7f6:  -> rejected]
[2014-05-19 10:17:12][Info][UpdateAlertStt][ProcessCSUpdate_Call_API][FAIL:5375b5e01e0d65cba7fff7f6:  -> rejected]
[2014-05-19 10:18:12][Info][UpdateAlertStt][ProcessCSUpdate_Call_API][FAIL:5375b5e01e0d65cba7fff7f6:  -> rejected]
[2014-05-19 10:18:17][Info][UpdateAlertStt][ProcessCSUpdate_Call_API][FAIL:5375b5e01e0d65cba7fff7f6:  -> rejected]
