[2014-03-28 19:26:28][Error][CConfigReader][ReadStringValue][exception:No such node (MONGODB_MA.DBType)][ConfigReader.cpp|124]
[2014-03-28 19:26:28][Error][CConfigReader][ReadStringValue][exception:No such node (MONGODB_MA.ReplicaSet)][ConfigReader.cpp|124]
[2014-03-28 19:26:28][Error][CConfigReader][ReadStringValue][exception:No such node (MONGODB_MA.ReadReference)][ConfigReader.cpp|124]
[2014-03-28 19:26:28][Error][CConfigReader][ReadStringValue][exception:No such node (MONGODB_MA.Level)][ConfigReader.cpp|124]
[2014-03-28 19:26:28][Error][CProcessor][Connect()][Connection Fail]
[2014-03-28 19:26:29][Error][CConfigReader][ReadStringValue][exception:No such node (MONGODB_MA.Level)][ConfigReader.cpp|124]
[2014-03-28 19:26:29][Error][CProcessor][Connect()][Connection Fail]
[2014-03-28 19:26:30][Error][CConfigReader][ReadStringValue][exception:No such node (MONGODB_MA.Level)][ConfigReader.cpp|124]
[2014-03-28 19:26:30][Error][CProcessor][Connect()][Connection Fail]
[2014-03-28 19:28:09][Error][CConfigReader][ReadStringValue][exception:No such node (MONGODB_MA.DBType)][ConfigReader.cpp|124]
[2014-03-28 19:28:09][Error][CConfigReader][ReadStringValue][exception:No such node (MONGODB_MA.ReplicaSet)][ConfigReader.cpp|124]
[2014-03-28 19:28:09][Error][CConfigReader][ReadStringValue][exception:No such node (MONGODB_MA.ReadReference)][ConfigReader.cpp|124]
[2014-03-28 19:28:09][Error][CConfigReader][ReadStringValue][exception:No such node (MONGODB_MA.Level)][ConfigReader.cpp|124]
[2014-03-28 19:28:09][Error][CProcessor][Connect()][Connection Fail]
[2014-03-28 19:28:10][Error][CConfigReader][ReadStringValue][exception:No such node (MONGODB_MA.Level)][ConfigReader.cpp|124]
[2014-03-28 19:28:10][Error][CProcessor][Connect()][Connection Fail]
[2014-03-28 19:28:11][Error][CConfigReader][ReadStringValue][exception:No such node (MONGODB_MA.Level)][ConfigReader.cpp|124]
[2014-03-28 19:28:11][Error][CProcessor][Connect()][Connection Fail]
[2014-03-28 19:29:16][Error][CConfigReader][ReadStringValue][exception:No such node (MONGODB_MA.DBType)][ConfigReader.cpp|124]
[2014-03-28 19:29:16][Error][CConfigReader][ReadStringValue][exception:No such node (MONGODB_MA.ReplicaSet)][ConfigReader.cpp|124]
[2014-03-28 19:29:16][Error][CConfigReader][ReadStringValue][exception:No such node (MONGODB_MA.ReadReference)][ConfigReader.cpp|124]
[2014-03-28 19:29:16][Error][CConfigReader][ReadStringValue][exception:No such node (MONGODB_MA.Level)][ConfigReader.cpp|124]
[2014-03-28 19:29:16][Error][CProcessor][Connect()][Connection Fail]
[2014-03-28 19:29:17][Error][CConfigReader][ReadStringValue][exception:No such node (MONGODB_MA.Level)][ConfigReader.cpp|124]
[2014-03-28 19:29:17][Error][CProcessor][Connect()][Connection Fail]
[2014-03-28 19:29:18][Error][CConfigReader][ReadStringValue][exception:No such node (MONGODB_MA.Level)][ConfigReader.cpp|124]
[2014-03-28 19:29:18][Error][CProcessor][Connect()][Connection Fail]
[2014-03-28 19:29:56][Error][CConfigReader][ReadStringValue][exception:No such node (MONGODB_MA.DBType)][ConfigReader.cpp|124]
[2014-03-28 19:29:56][Error][CConfigReader][ReadStringValue][exception:No such node (MONGODB_MA.ReplicaSet)][ConfigReader.cpp|124]
[2014-03-28 19:29:56][Error][CConfigReader][ReadStringValue][exception:No such node (MONGODB_MA.ReadReference)][ConfigReader.cpp|124]
[2014-03-28 19:29:56][Error][CConfigReader][ReadStringValue][exception:No such node (MONGODB_MA.Level)][ConfigReader.cpp|124]
[2014-03-28 19:29:56][Error][CProcessor][Connect()][Connection Fail]
[2014-03-28 19:29:57][Error][CConfigReader][ReadStringValue][exception:No such node (MONGODB_MA.Level)][ConfigReader.cpp|124]
[2014-03-28 19:29:57][Error][CProcessor][Connect()][Connection Fail]
[2014-03-28 19:29:58][Error][CConfigReader][ReadStringValue][exception:No such node (MONGODB_MA.Level)][ConfigReader.cpp|124]
[2014-03-28 19:29:58][Error][CProcessor][Connect()][Connection Fail]
[2014-03-28 19:32:05][Error][CConfigReader][ReadStringValue][exception:No such node (MONGODB_MA.ReplicaSet)][ConfigReader.cpp|124]
[2014-03-28 19:32:05][Error][CConfigReader][ReadStringValue][exception:No such node (MONGODB_MA.ReadReference)][ConfigReader.cpp|124]
[2014-03-28 21:52:45][Error][CConfigReader][ReadStringValue][exception:No such node (MONGODB_MA.ReplicaSet)][ConfigReader.cpp|124]
[2014-03-28 21:52:45][Error][CConfigReader][ReadStringValue][exception:No such node (MONGODB_MA.ReadReference)][ConfigReader.cpp|124]
[2014-03-28 21:55:39][Error][CConfigReader][ReadStringValue][exception:No such node (MONGODB_MA.ReplicaSet)][ConfigReader.cpp|124]
[2014-03-28 21:55:39][Error][CConfigReader][ReadStringValue][exception:No such node (MONGODB_MA.ReadReference)][ConfigReader.cpp|124]
[2014-03-28 22:01:54][Error][CConfigReader][ReadStringValue][exception:No such node (MONGODB_MA.ReplicaSet)][ConfigReader.cpp|124]
[2014-03-28 22:01:54][Error][CConfigReader][ReadStringValue][exception:No such node (MONGODB_MA.ReadReference)][ConfigReader.cpp|124]
[2014-03-28 22:05:12][Error][CConfigReader][ReadStringValue][exception:No such node (MONGODB_MA.ReplicaSet)][ConfigReader.cpp|124]
[2014-03-28 22:05:12][Error][CConfigReader][ReadStringValue][exception:No such node (MONGODB_MA.ReadReference)][ConfigReader.cpp|124]
[2014-03-28 22:12:09][Error][CConfigReader][ReadStringValue][exception:No such node (MONGODB_MA.ReplicaSet)][ConfigReader.cpp|124]
[2014-03-28 22:12:09][Error][CConfigReader][ReadStringValue][exception:No such node (MONGODB_MA.ReadReference)][ConfigReader.cpp|124]
[2014-03-29 05:40:33][Error][CConfigReader][ReadStringValue][exception:No such node (MONGODB_MA.ReplicaSet)][ConfigReader.cpp|124]
[2014-03-29 05:40:34][Error][CConfigReader][ReadStringValue][exception:No such node (MONGODB_MA.ReadReference)][ConfigReader.cpp|124]
[2014-03-29 05:44:20][Error][CConfigReader][ReadStringValue][exception:No such node (MONGODB_MA.ReplicaSet)][ConfigReader.cpp|124]
[2014-03-29 05:44:20][Error][CConfigReader][ReadStringValue][exception:No such node (MONGODB_MA.ReadReference)][ConfigReader.cpp|124]
[2014-03-29 06:05:20][Error][CConfigReader][ReadStringValue][exception:No such node (MONGODB_MA.ReplicaSet)][ConfigReader.cpp|124]
[2014-03-29 06:05:20][Error][CConfigReader][ReadStringValue][exception:No such node (MONGODB_MA.ReadReference)][ConfigReader.cpp|124]
[2014-03-29 06:08:06][Error][CConfigReader][ReadStringValue][exception:No such node (MONGODB_MA.ReplicaSet)][ConfigReader.cpp|124]
[2014-03-29 06:08:06][Error][CConfigReader][ReadStringValue][exception:No such node (MONGODB_MA.ReadReference)][ConfigReader.cpp|124]
[2014-03-29 11:04:34][Error][CConfigReader][ReadStringValue][exception:No such node (MONGODB_MA.ReplicaSet)][ConfigReader.cpp|124]
[2014-03-29 11:04:34][Error][CConfigReader][ReadStringValue][exception:No such node (MONGODB_MA.ReadReference)][ConfigReader.cpp|124]
[2014-03-29 11:08:24][Error][CConfigReader][ReadStringValue][exception:No such node (MONGODB_MA.ReplicaSet)][ConfigReader.cpp|124]
[2014-03-29 11:08:24][Error][CConfigReader][ReadStringValue][exception:No such node (MONGODB_MA.ReadReference)][ConfigReader.cpp|124]
[2014-03-29 11:12:03][Error][CConfigReader][ReadStringValue][exception:No such node (MONGODB_MA.ReplicaSet)][ConfigReader.cpp|124]
[2014-03-29 11:12:03][Error][CConfigReader][ReadStringValue][exception:No such node (MONGODB_MA.ReadReference)][ConfigReader.cpp|124]
[2014-03-29 11:14:22][Error][CConfigReader][ReadStringValue][exception:No such node (MONGODB_MA.ReplicaSet)][ConfigReader.cpp|124]
[2014-03-29 11:14:22][Error][CConfigReader][ReadStringValue][exception:No such node (MONGODB_MA.ReadReference)][ConfigReader.cpp|124]
[2014-03-29 11:17:02][Error][CConfigReader][ReadStringValue][exception:No such node (MONGODB_MA.ReplicaSet)][ConfigReader.cpp|124]
[2014-03-29 11:17:02][Error][CConfigReader][ReadStringValue][exception:No such node (MONGODB_MA.ReadReference)][ConfigReader.cpp|124]
[2014-03-29 11:20:23][Error][CConfigReader][ReadStringValue][exception:No such node (MONGODB_MA.ReplicaSet)][ConfigReader.cpp|124]
[2014-03-29 11:20:23][Error][CConfigReader][ReadStringValue][exception:No such node (MONGODB_MA.ReadReference)][ConfigReader.cpp|124]
[2014-03-29 11:25:23][Error][CConfigReader][ReadStringValue][exception:No such node (MONGODB_MA.ReplicaSet)][ConfigReader.cpp|124]
[2014-03-29 11:25:23][Error][CConfigReader][ReadStringValue][exception:No such node (MONGODB_MA.ReadReference)][ConfigReader.cpp|124]
[2014-03-29 11:42:20][Error][CConfigReader][ReadStringValue][exception:No such node (MONGODB_MA.ReplicaSet)][ConfigReader.cpp|124]
[2014-03-29 11:42:20][Error][CConfigReader][ReadStringValue][exception:No such node (MONGODB_MA.ReadReference)][ConfigReader.cpp|124]
[2014-03-29 11:46:34][Error][CConfigReader][ReadStringValue][exception:No such node (MONGODB_MA.ReplicaSet)][ConfigReader.cpp|124]
[2014-03-29 11:46:34][Error][CConfigReader][ReadStringValue][exception:No such node (MONGODB_MA.ReadReference)][ConfigReader.cpp|124]
[2014-03-29 11:51:46][Error][CConfigReader][ReadStringValue][exception:No such node (MONGODB_MA.ReplicaSet)][ConfigReader.cpp|124]
[2014-03-29 11:51:46][Error][CConfigReader][ReadStringValue][exception:No such node (MONGODB_MA.ReadReference)][ConfigReader.cpp|124]
[2014-03-29 11:59:23][Error][CConfigReader][ReadStringValue][exception:No such node (MONGODB_MA.ReplicaSet)][ConfigReader.cpp|124]
[2014-03-29 11:59:23][Error][CConfigReader][ReadStringValue][exception:No such node (MONGODB_MA.ReadReference)][ConfigReader.cpp|124]
[2014-03-29 12:29:16][Error][CConfigReader][ReadStringValue][exception:No such node (MONGODB_MA.ReplicaSet)][ConfigReader.cpp|124]
[2014-03-29 12:29:16][Error][CConfigReader][ReadStringValue][exception:No such node (MONGODB_MA.ReadReference)][ConfigReader.cpp|124]
[2014-03-29 12:30:07][Error][CConfigReader][ReadStringValue][exception:No such node (MONGODB_MA.ReplicaSet)][ConfigReader.cpp|124]
[2014-03-29 12:30:07][Error][CConfigReader][ReadStringValue][exception:No such node (MONGODB_MA.ReadReference)][ConfigReader.cpp|124]
[2014-03-29 12:32:12][Error][CConfigReader][ReadStringValue][exception:No such node (MONGODB_MA.ReplicaSet)][ConfigReader.cpp|124]
[2014-03-29 12:32:12][Error][CConfigReader][ReadStringValue][exception:No such node (MONGODB_MA.ReadReference)][ConfigReader.cpp|124]
[2014-03-29 12:38:57][Error][CConfigReader][ReadStringValue][exception:No such node (MONGODB_MA.ReplicaSet)][ConfigReader.cpp|124]
[2014-03-29 12:38:57][Error][CConfigReader][ReadStringValue][exception:No such node (MONGODB_MA.ReadReference)][ConfigReader.cpp|124]
[2014-03-29 12:43:58][Error][CConfigReader][ReadStringValue][exception:No such node (MONGODB_MA.ReplicaSet)][ConfigReader.cpp|124]
[2014-03-29 12:43:58][Error][CConfigReader][ReadStringValue][exception:No such node (MONGODB_MA.ReadReference)][ConfigReader.cpp|124]
[2014-03-29 12:54:09][Error][CConfigReader][ReadStringValue][exception:No such node (MONGODB_MA.ReplicaSet)][ConfigReader.cpp|124]
[2014-03-29 12:54:09][Error][CConfigReader][ReadStringValue][exception:No such node (MONGODB_MA.ReadReference)][ConfigReader.cpp|124]
[2014-03-29 12:57:10][Error][CConfigReader][ReadStringValue][exception:No such node (MONGODB_MA.ReplicaSet)][ConfigReader.cpp|124]
[2014-03-29 12:57:10][Error][CConfigReader][ReadStringValue][exception:No such node (MONGODB_MA.ReadReference)][ConfigReader.cpp|124]
[2014-03-29 12:59:23][Error][CConfigReader][ReadStringValue][exception:No such node (MONGODB_MA.ReplicaSet)][ConfigReader.cpp|124]
[2014-03-29 12:59:23][Error][CConfigReader][ReadStringValue][exception:No such node (MONGODB_MA.ReadReference)][ConfigReader.cpp|124]
[2014-03-29 13:02:44][Error][CConfigReader][ReadStringValue][exception:No such node (MONGODB_MA.ReplicaSet)][ConfigReader.cpp|124]
[2014-03-29 13:02:44][Error][CConfigReader][ReadStringValue][exception:No such node (MONGODB_MA.ReadReference)][ConfigReader.cpp|124]
[2014-03-29 13:15:05][Error][CConfigReader][ReadStringValue][exception:No such node (MONGODB_MA.ReplicaSet)][ConfigReader.cpp|124]
[2014-03-29 13:15:05][Error][CConfigReader][ReadStringValue][exception:No such node (MONGODB_MA.ReadReference)][ConfigReader.cpp|124]
[2014-03-29 13:18:14][Error][CConfigReader][ReadStringValue][exception:No such node (MONGODB_MA.ReplicaSet)][ConfigReader.cpp|124]
[2014-03-29 13:18:14][Error][CConfigReader][ReadStringValue][exception:No such node (MONGODB_MA.ReadReference)][ConfigReader.cpp|124]
[2014-04-03 16:23:24][Error][CConfigReader][ReadStringValue][exception:No such node (MONGODB_MA.ReplicaSet)][ConfigReader.cpp|124]
[2014-04-03 16:23:24][Error][CConfigReader][ReadStringValue][exception:No such node (MONGODB_MA.ReadReference)][ConfigReader.cpp|124]
[2014-04-03 16:27:02][Error][CConfigReader][ReadStringValue][exception:No such node (MONGODB_MA.ReplicaSet)][ConfigReader.cpp|124]
[2014-04-03 16:27:02][Error][CConfigReader][ReadStringValue][exception:No such node (MONGODB_MA.ReadReference)][ConfigReader.cpp|124]
[2014-04-11 11:54:10][Error][CConfigReader][ReadStringValue][exception:No such node (MONGODB_MA.ReplicaSet)][ConfigReader.cpp|124]
[2014-04-11 11:54:10][Error][CConfigReader][ReadStringValue][exception:No such node (MONGODB_MA.ReadReference)][ConfigReader.cpp|124]
[2014-04-11 12:17:32][Error][CConfigReader][ReadStringValue][exception:No such node (MONGODB_MA.ReplicaSet)][ConfigReader.cpp|124]
[2014-04-11 12:17:32][Error][CConfigReader][ReadStringValue][exception:No such node (MONGODB_MA.ReadReference)][ConfigReader.cpp|124]
[2014-04-11 13:00:31][Error][CConfigReader][ReadStringValue][exception:No such node (MONGODB_MA.ReplicaSet)][ConfigReader.cpp|124]
[2014-04-11 13:00:31][Error][CConfigReader][ReadStringValue][exception:No such node (MONGODB_MA.ReadReference)][ConfigReader.cpp|124]
[2014-04-11 13:03:23][Error][CConfigReader][ReadStringValue][exception:No such node (MONGODB_MA.ReplicaSet)][ConfigReader.cpp|124]
[2014-04-11 13:03:23][Error][CConfigReader][ReadStringValue][exception:No such node (MONGODB_MA.ReadReference)][ConfigReader.cpp|124]
[2014-04-11 13:08:25][Error][CConfigReader][ReadStringValue][exception:No such node (MONGODB_MA.ReplicaSet)][ConfigReader.cpp|124]
[2014-04-11 13:08:25][Error][CConfigReader][ReadStringValue][exception:No such node (MONGODB_MA.ReadReference)][ConfigReader.cpp|124]
[2014-04-11 13:11:30][Error][CConfigReader][ReadStringValue][exception:No such node (MONGODB_MA.ReplicaSet)][ConfigReader.cpp|124]
[2014-04-11 13:11:30][Error][CConfigReader][ReadStringValue][exception:No such node (MONGODB_MA.ReadReference)][ConfigReader.cpp|124]
[2014-04-11 13:12:58][Error][CConfigReader][ReadStringValue][exception:No such node (MONGODB_MA.ReplicaSet)][ConfigReader.cpp|124]
[2014-04-11 13:12:58][Error][CConfigReader][ReadStringValue][exception:No such node (MONGODB_MA.ReadReference)][ConfigReader.cpp|124]
[2014-04-11 13:16:28][Error][CConfigReader][ReadStringValue][exception:No such node (MONGODB_MA.ReplicaSet)][ConfigReader.cpp|124]
[2014-04-11 13:16:28][Error][CConfigReader][ReadStringValue][exception:No such node (MONGODB_MA.ReadReference)][ConfigReader.cpp|124]
[2014-04-11 13:19:51][Error][CConfigReader][ReadStringValue][exception:No such node (MONGODB_MA.ReplicaSet)][ConfigReader.cpp|124]
[2014-04-11 13:19:51][Error][CConfigReader][ReadStringValue][exception:No such node (MONGODB_MA.ReadReference)][ConfigReader.cpp|124]
